D:\TEMP\DROPBOX\CGI\CGI_MAIN\CGI_MAIN\DEBUG\CGI_MAIN.EXE.EMBED.MANIFEST
D:\TEMP\DROPBOX\CGI\CGI_MAIN\CGI_MAIN\DEBUG\CGI_MAIN.EXE.EMBED.MANIFEST.RES
D:\TEMP\DROPBOX\CGI\CGI_MAIN\CGI_MAIN\DEBUG\CGI_MAIN.EXE.INTERMEDIATE.MANIFEST
D:\temp\Dropbox\cgi\cgi_main\cgi_main\Debug\cgi_main_manifest.rc
D:\temp\Dropbox\cgi\cgi_main\cgi_main\Debug\cl.command.1.tlog
D:\temp\Dropbox\cgi\cgi_main\cgi_main\Debug\CL.read.1.tlog
D:\temp\Dropbox\cgi\cgi_main\cgi_main\Debug\CL.write.1.tlog
D:\temp\Dropbox\cgi\cgi_main\cgi_main\Debug\link.10432.read.1.tlog
D:\temp\Dropbox\cgi\cgi_main\cgi_main\Debug\link.10432.write.1.tlog
D:\temp\Dropbox\cgi\cgi_main\cgi_main\Debug\link.10432-cvtres.read.1.tlog
D:\temp\Dropbox\cgi\cgi_main\cgi_main\Debug\link.10432-cvtres.write.1.tlog
D:\temp\Dropbox\cgi\cgi_main\cgi_main\Debug\link.10492.read.1.tlog
D:\temp\Dropbox\cgi\cgi_main\cgi_main\Debug\link.10492.write.1.tlog
D:\temp\Dropbox\cgi\cgi_main\cgi_main\Debug\link.10492-cvtres.read.1.tlog
D:\temp\Dropbox\cgi\cgi_main\cgi_main\Debug\link.10492-cvtres.write.1.tlog
D:\temp\Dropbox\cgi\cgi_main\cgi_main\Debug\link.11472.read.1.tlog
D:\temp\Dropbox\cgi\cgi_main\cgi_main\Debug\link.11472.write.1.tlog
D:\temp\Dropbox\cgi\cgi_main\cgi_main\Debug\link.11472-cvtres.read.1.tlog
D:\temp\Dropbox\cgi\cgi_main\cgi_main\Debug\link.11472-cvtres.write.1.tlog
D:\temp\Dropbox\cgi\cgi_main\cgi_main\Debug\link.7548.read.1.tlog
D:\temp\Dropbox\cgi\cgi_main\cgi_main\Debug\link.7548.write.1.tlog
D:\temp\Dropbox\cgi\cgi_main\cgi_main\Debug\link.7548-cvtres.read.1.tlog
D:\temp\Dropbox\cgi\cgi_main\cgi_main\Debug\link.7548-cvtres.write.1.tlog
D:\temp\Dropbox\cgi\cgi_main\cgi_main\Debug\link.command.1.tlog
D:\temp\Dropbox\cgi\cgi_main\cgi_main\Debug\link.read.1.tlog
D:\temp\Dropbox\cgi\cgi_main\cgi_main\Debug\link.write.1.tlog
D:\temp\Dropbox\cgi\cgi_main\cgi_main\Debug\link-cvtres.read.1.tlog
D:\temp\Dropbox\cgi\cgi_main\cgi_main\Debug\link-cvtres.write.1.tlog
D:\TEMP\DROPBOX\CGI\CGI_MAIN\CGI_MAIN\DEBUG\MAIN.OBJ
D:\temp\Dropbox\cgi\cgi_main\cgi_main\Debug\mt.command.1.tlog
D:\temp\Dropbox\cgi\cgi_main\cgi_main\Debug\mt.read.1.tlog
D:\temp\Dropbox\cgi\cgi_main\cgi_main\Debug\mt.write.1.tlog
D:\temp\Dropbox\cgi\cgi_main\cgi_main\Debug\rc.command.1.tlog
D:\temp\Dropbox\cgi\cgi_main\cgi_main\Debug\rc.read.1.tlog
D:\temp\Dropbox\cgi\cgi_main\cgi_main\Debug\rc.write.1.tlog
D:\temp\Dropbox\cgi\cgi_main\cgi_main\Debug\vc100.idb
D:\TEMP\DROPBOX\CGI\CGI_MAIN\CGI_MAIN\DEBUG\VC100.PDB
D:\TEMP\DROPBOX\CGI\CGI_MAIN\DEBUG\CGI_MAIN.EXE
D:\TEMP\DROPBOX\CGI\CGI_MAIN\DEBUG\CGI_MAIN.ILK
D:\TEMP\DROPBOX\CGI\CGI_MAIN\DEBUG\CGI_MAIN.PDB
