D:\TEMP\DROPBOX\CGI\CGI_MAIN\MAIN_CHILD.EXE
D:\TEMP\DROPBOX\CGI\CGI_MAIN\MAIN_CHILD.ILK
D:\TEMP\DROPBOX\CGI\CHILD\CHILD\DEBUG\CHILD.EXE.EMBED.MANIFEST
D:\TEMP\DROPBOX\CGI\CHILD\CHILD\DEBUG\CHILD.EXE.EMBED.MANIFEST.RES
D:\TEMP\DROPBOX\CGI\CHILD\CHILD\DEBUG\CHILD.EXE.INTERMEDIATE.MANIFEST
D:\temp\Dropbox\cgi\child\child\Debug\child_manifest.rc
D:\temp\Dropbox\cgi\child\child\Debug\cl.command.1.tlog
D:\temp\Dropbox\cgi\child\child\Debug\CL.read.1.tlog
D:\temp\Dropbox\cgi\child\child\Debug\CL.write.1.tlog
D:\temp\Dropbox\cgi\child\child\Debug\link.12780.read.1.tlog
D:\temp\Dropbox\cgi\child\child\Debug\link.12780.write.1.tlog
D:\temp\Dropbox\cgi\child\child\Debug\link.12780-cvtres.read.1.tlog
D:\temp\Dropbox\cgi\child\child\Debug\link.12780-cvtres.write.1.tlog
D:\temp\Dropbox\cgi\child\child\Debug\link.command.1.tlog
D:\temp\Dropbox\cgi\child\child\Debug\link.read.1.tlog
D:\temp\Dropbox\cgi\child\child\Debug\link.write.1.tlog
D:\temp\Dropbox\cgi\child\child\Debug\link-cvtres.read.1.tlog
D:\temp\Dropbox\cgi\child\child\Debug\link-cvtres.write.1.tlog
D:\TEMP\DROPBOX\CGI\CHILD\CHILD\DEBUG\MAIN_CHILD.OBJ
D:\temp\Dropbox\cgi\child\child\Debug\mt.command.1.tlog
D:\temp\Dropbox\cgi\child\child\Debug\mt.read.1.tlog
D:\temp\Dropbox\cgi\child\child\Debug\mt.write.1.tlog
D:\temp\Dropbox\cgi\child\child\Debug\rc.command.1.tlog
D:\temp\Dropbox\cgi\child\child\Debug\rc.read.1.tlog
D:\temp\Dropbox\cgi\child\child\Debug\rc.write.1.tlog
D:\temp\Dropbox\cgi\child\child\Debug\vc100.idb
D:\TEMP\DROPBOX\CGI\CHILD\CHILD\DEBUG\VC100.PDB
D:\TEMP\DROPBOX\CGI\CHILD\DEBUG\CHILD.PDB
