Build started 29.03.2015 3:51:07.
Project "D:\temp\Dropbox\cgi\child\child\child.vcxproj" on node 2 (build target(s)).
InitializeBuildStatus:
  Touching "Debug\child.unsuccessfulbuild".
ClCompile:
  C:\Program Files\Microsoft Visual Studio 10.0\VC\bin\CL.exe /c /ZI /nologo /W3 /WX- /Od /Oy- /D WIN32 /D _DEBUG /D _CONSOLE /D _UNICODE /D UNICODE /Gm /EHsc /RTC1 /MDd /GS /fp:precise /Zc:wchar_t /Zc:forScope /Fo"Debug\\" /Fd"Debug\vc100.pdb" /Gd /TP /analyze- /errorReport:prompt ..\..\src\Main_Child.cpp
  Main_Child.cpp
d:\temp\dropbox\cgi\src\main_child.cpp(16): warning C4996: 'getenv': This function or variable may be unsafe. Consider using _dupenv_s instead. To disable deprecation, use _CRT_SECURE_NO_WARNINGS. See online help for details.
          c:\program files\microsoft visual studio 10.0\vc\include\stdlib.h(433) : see declaration of 'getenv'
ManifestResourceCompile:
  All outputs are up-to-date.
C:\Program Files\MSBuild\Microsoft.Cpp\v4.0\Microsoft.CppBuild.targets(990,5): warning MSB8012: TargetPath(D:\temp\Dropbox\cgi\child\Debug\child.exe) does not match the Linker's OutputFile property value (D:\temp\Dropbox\cgi\cgi_main\cgi_main\Main_Child.exe). This may cause your project to build incorrectly. To correct this, please make sure that $(OutDir), $(TargetName) and $(TargetExt) property values match the value specified in %(Link.OutputFile).
C:\Program Files\MSBuild\Microsoft.Cpp\v4.0\Microsoft.CppBuild.targets(992,5): warning MSB8012: TargetName(child) does not match the Linker's OutputFile property value (Main_Child). This may cause your project to build incorrectly. To correct this, please make sure that $(OutDir), $(TargetName) and $(TargetExt) property values match the value specified in %(Link.OutputFile).
Link:
  C:\Program Files\Microsoft Visual Studio 10.0\VC\bin\link.exe /ERRORREPORT:PROMPT /OUT:"../../cgi_main/cgi_main/Main_Child.exe" /INCREMENTAL /NOLOGO kernel32.lib user32.lib gdi32.lib winspool.lib comdlg32.lib advapi32.lib shell32.lib ole32.lib oleaut32.lib uuid.lib odbc32.lib odbccp32.lib /MANIFEST /ManifestFile:"Debug\child.exe.intermediate.manifest" /MANIFESTUAC:"level='asInvoker' uiAccess='false'" /DEBUG /PDB:"D:\temp\Dropbox\cgi\child\Debug\child.pdb" /SUBSYSTEM:CONSOLE /TLBID:1 /DYNAMICBASE /NXCOMPAT /IMPLIB:"D:\temp\Dropbox\cgi\child\Debug\child.lib" /MACHINE:X86 Debug\child.exe.embed.manifest.res
  Debug\Main_Child.obj
Manifest:
  C:\Program Files\Microsoft SDKs\Windows\v7.0A\bin\mt.exe /nologo /verbose /out:"Debug\child.exe.embed.manifest" /manifest Debug\child.exe.intermediate.manifest
  All outputs are up-to-date.
LinkEmbedManifest:
  All outputs are up-to-date.
  child.vcxproj -> D:\temp\Dropbox\cgi\child\Debug\child.exe
FinalizeBuildStatus:
  Deleting file "Debug\child.unsuccessfulbuild".
  Touching "Debug\child.lastbuildstate".
Done Building Project "D:\temp\Dropbox\cgi\child\child\child.vcxproj" (build target(s)).

Build succeeded.

Time Elapsed 00:00:04.51
